SF:lib/data/data_sources/receipt_remote_data_source.dart
DA:15,1
DA:18,1
DA:20,1
DA:21,1
DA:22,2
DA:23,2
DA:26,1
DA:28,3
DA:29,3
DA:30,2
DA:31,1
DA:34,1
DA:36,4
DA:37,1
DA:38,2
DA:43,1
DA:45,4
DA:48,1
DA:50,1
DA:51,1
DA:52,2
DA:53,2
LF:22
LH:22
end_of_record
SF:lib/data/repositories/receipt_repository_impl.dart
DA:15,1
DA:17,1
DA:19,2
DA:22,1
DA:24,2
DA:27,1
DA:29,2
DA:32,1
DA:34,2
DA:37,1
DA:39,2
LF:11
LH:11
end_of_record
SF:lib/data/models/receipt.dart
DA:40,3
DA:64,1
DA:65,4
DA:68,3
DA:70,9
DA:71,3
DA:74,3
DA:75,3
DA:76,2
DA:78,1
DA:79,1
DA:80,1
DA:81,1
DA:82,1
DA:83,1
DA:84,1
DA:85,1
DA:86,1
DA:87,1
DA:88,1
DA:89,1
DA:90,1
DA:91,1
DA:92,1
DA:93,1
DA:94,1
DA:95,1
DA:96,1
DA:97,1
DA:98,1
DA:99,1
DA:100,1
LF:32
LH:32
end_of_record
SF:lib/data/models/receipt.g.dart
DA:9,6
DA:10,3
DA:11,3
DA:12,3
DA:13,6
DA:14,3
DA:15,3
DA:16,3
DA:17,3
DA:18,3
DA:19,6
DA:20,3
DA:21,3
DA:22,3
DA:23,6
DA:24,6
DA:25,3
DA:26,6
DA:27,3
DA:28,3
DA:29,3
DA:30,3
DA:33,2
DA:34,1
DA:35,1
DA:36,1
DA:37,1
DA:38,1
DA:39,1
DA:40,1
DA:41,1
DA:42,1
DA:43,1
DA:44,1
DA:45,1
DA:46,1
DA:47,2
DA:48,1
DA:49,1
DA:50,1
DA:51,1
DA:52,1
DA:53,1
DA:54,1
LF:44
LH:44
end_of_record
SF:lib/data/models/receipt_item.dart
DA:18,3
DA:30,3
DA:31,3
DA:32,2
DA:34,1
DA:35,1
DA:36,1
DA:37,1
DA:38,1
DA:39,1
DA:40,1
DA:41,1
DA:42,1
DA:43,1
DA:44,1
LF:15
LH:15
end_of_record
SF:lib/data/models/receipt_item.g.dart
DA:9,6
DA:10,3
DA:11,6
DA:12,3
DA:13,3
DA:14,3
DA:15,6
DA:16,6
DA:17,6
DA:18,6
DA:21,1
DA:22,1
DA:23,1
DA:24,1
DA:25,1
DA:26,1
DA:27,1
DA:28,1
DA:29,1
DA:30,1
DA:31,1
LF:21
LH:21
end_of_record
SF:lib/providers/receipt_provider.dart
DA:12,1
DA:14,1
DA:17,2
DA:18,2
DA:19,2
DA:20,2
DA:22,1
DA:23,1
DA:24,1
DA:25,1
DA:28,3
DA:29,1
DA:31,2
DA:33,1
DA:34,1
DA:38,1
DA:39,1
DA:40,1
DA:41,1
DA:44,3
DA:45,1
DA:47,2
DA:49,1
DA:50,1
DA:54,1
DA:55,1
DA:56,1
DA:57,1
DA:60,2
DA:61,1
DA:62,1
DA:64,2
DA:66,1
DA:67,1
DA:71,1
DA:72,1
DA:73,1
DA:74,1
DA:77,2
DA:78,1
DA:80,2
DA:82,1
DA:83,1
DA:87,1
DA:88,1
DA:89,1
DA:90,1
DA:93,2
DA:94,1
DA:95,1
DA:97,2
DA:99,1
DA:100,1
LF:53
LH:53
end_of_record
